<?xml version="1.0" encoding="UTF-8"?>
<testng-results ignored="0" total="1" passed="1" failed="0" skipped="0">
  <reporter-output>
  </reporter-output>
  <suite started-at="2022-03-01T22:56:16 CET" name="Suite" finished-at="2022-03-01T22:56:24 CET" duration-ms="7532">
    <groups>
    </groups>
    <test started-at="2022-03-01T22:56:16 CET" name="Test" finished-at="2022-03-01T22:56:24 CET" duration-ms="7532">
      <class name="com.automation.tests.LoginTest">
        <test-method is-config="true" signature="initializeSetting()[pri:0, instance:com.automation.tests.LoginTest@272113c4]" started-at="2022-03-01T22:56:16 CET" name="initializeSetting" finished-at="2022-03-01T22:56:16 CET" duration-ms="214" status="PASS">
          <reporter-output>
          </reporter-output>
        </test-method> <!-- initializeSetting -->
        <test-method is-config="true" signature="startTest()[pri:0, instance:com.automation.tests.LoginTest@272113c4]" started-at="2022-03-01T22:56:16 CET" name="startTest" finished-at="2022-03-01T22:56:22 CET" duration-ms="5531" status="PASS">
          <reporter-output>
          </reporter-output>
        </test-method> <!-- startTest -->
        <test-method signature="LoginApplication()[pri:0, instance:com.automation.tests.LoginTest@272113c4]" started-at="2022-03-01T22:56:22 CET" name="LoginApplication" finished-at="2022-03-01T22:56:23 CET" duration-ms="1275" status="PASS">
          <reporter-output>
          </reporter-output>
        </test-method> <!-- LoginApplication -->
        <test-method is-config="true" signature="endTest()[pri:0, instance:com.automation.tests.LoginTest@272113c4]" started-at="2022-03-01T22:56:23 CET" name="endTest" finished-at="2022-03-01T22:56:23 CET" duration-ms="87" status="PASS">
          <reporter-output>
          </reporter-output>
        </test-method> <!-- endTest -->
        <test-method is-config="true" signature="endSetting()[pri:0, instance:com.automation.tests.LoginTest@272113c4]" started-at="2022-03-01T22:56:23 CET" name="endSetting" finished-at="2022-03-01T22:56:24 CET" duration-ms="393" status="PASS">
          <reporter-output>
          </reporter-output>
        </test-method> <!-- endSetting -->
      </class> <!-- com.automation.tests.LoginTest -->
    </test> <!-- Test -->
  </suite> <!-- Suite -->
</testng-results>
